# JRE version: Java(TM) SE Runtime Environment (8.0_111-b14) (build 1.8.0_111-b14)
# Java VM: Java HotSpot(TM) 64-Bit Server VM (25.111-b14 mixed mode windows-amd64 compressed oops)
Heap:
 PSYoungGen      total 450560K, used 354692K [0x00000000d5580000, 0x00000000f6180000, 0x0000000100000000)
  eden space 416256K, 82% used [0x00000000d5580000,0x00000000ea314bb0,0x00000000eec00000)
  from space 34304K, 38% used [0x00000000eec00000,0x00000000ef8cc4a0,0x00000000f0d80000)
  to   space 32256K, 0% used [0x00000000f4200000,0x00000000f4200000,0x00000000f6180000)
 ParOldGen       total 124416K, used 97966K [0x0000000080000000, 0x0000000087980000, 0x00000000d5580000)
  object space 124416K, 78% used [0x0000000080000000,0x0000000085fabb70,0x0000000087980000)
 Metaspace       used 85964K, capacity 91514K, committed 91696K, reserved 1128448K
  class space    used 11282K, capacity 12526K, committed 12592K, reserved 1048576K
GC Heap History (10 events):
Event: 23.025 GC heap before
{Heap before GC invocations=16 (full 3):
 PSYoungGen      total 273408K, used 3775K [0x00000000d5580000, 0x00000000eee80000, 0x0000000100000000)
  eden space 253952K, 0% used [0x00000000d5580000,0x00000000d5580000,0x00000000e4d80000)
  from space 19456K, 19% used [0x00000000e4d80000,0x00000000e512fc80,0x00000000e6080000)
  to   space 19456K, 0% used [0x00000000edb80000,0x00000000edb80000,0x00000000eee80000)
 ParOldGen       total 72192K, used 49837K [0x0000000080000000, 0x0000000084680000, 0x00000000d5580000)
  object space 72192K, 69% used [0x0000000080000000,0x00000000830ab490,0x0000000084680000)
 Metaspace       used 56631K, capacity 59060K, committed 59160K, reserved 1099776K
  class space    used 7923K, capacity 8524K, committed 8624K, reserved 1048576K
Event: 23.336 GC heap after
Heap after GC invocations=16 (full 3):
 PSYoungGen      total 273408K, used 0K [0x00000000d5580000, 0x00000000eee80000, 0x0000000100000000)
  eden space 253952K, 0% used [0x00000000d5580000,0x00000000d5580000,0x00000000e4d80000)
  from space 19456K, 0% used [0x00000000e4d80000,0x00000000e4d80000,0x00000000e6080000)
  to   space 19456K, 0% used [0x00000000edb80000,0x00000000edb80000,0x00000000eee80000)
 ParOldGen       total 124416K, used 47851K [0x0000000080000000, 0x0000000087980000, 0x00000000d5580000)
  object space 124416K, 38% used [0x0000000080000000,0x0000000082ebad50,0x0000000087980000)
 Metaspace       used 56631K, capacity 59060K, committed 59160K, reserved 1099776K
  class space    used 7923K, capacity 8524K, committed 8624K, reserved 1048576K
}
Event: 908.938 GC heap before
{Heap before GC invocations=17 (full 3):
 PSYoungGen      total 273408K, used 253952K [0x00000000d5580000, 0x00000000eee80000, 0x0000000100000000)
  eden space 253952K, 100% used [0x00000000d5580000,0x00000000e4d80000,0x00000000e4d80000)
  from space 19456K, 0% used [0x00000000e4d80000,0x00000000e4d80000,0x00000000e6080000)
  to   space 19456K, 0% used [0x00000000edb80000,0x00000000edb80000,0x00000000eee80000)
 ParOldGen       total 124416K, used 47851K [0x0000000080000000, 0x0000000087980000, 0x00000000d5580000)
  object space 124416K, 38% used [0x0000000080000000,0x0000000082ebad50,0x0000000087980000)
 Metaspace       used 62414K, capacity 65564K, committed 65712K, reserved 1105920K
  class space    used 8513K, capacity 9266K, committed 9392K, reserved 1048576K
Event: 908.962 GC heap after
Heap after GC invocations=17 (full 3):
 PSYoungGen      total 347136K, used 12367K [0x00000000d5580000, 0x00000000ee800000, 0x0000000100000000)
  eden space 334336K, 0% used [0x00000000d5580000,0x00000000d5580000,0x00000000e9c00000)
  from space 12800K, 96% used [0x00000000edb80000,0x00000000ee793d18,0x00000000ee800000)
  to   space 19968K, 0% used [0x00000000ec100000,0x00000000ec100000,0x00000000ed480000)
 ParOldGen       total 124416K, used 47859K [0x0000000080000000, 0x0000000087980000, 0x00000000d5580000)
  object space 124416K, 38% used [0x0000000080000000,0x0000000082ebcd50,0x0000000087980000)
 Metaspace       used 62414K, capacity 65564K, committed 65712K, reserved 1105920K
  class space    used 8513K, capacity 9266K, committed 9392K, reserved 1048576K
}
Event: 913.499 GC heap before
{Heap before GC invocations=18 (full 3):
 PSYoungGen      total 347136K, used 346703K [0x00000000d5580000, 0x00000000ee800000, 0x0000000100000000)
  eden space 334336K, 100% used [0x00000000d5580000,0x00000000e9c00000,0x00000000e9c00000)
  from space 12800K, 96% used [0x00000000edb80000,0x00000000ee793d18,0x00000000ee800000)
  to   space 19968K, 0% used [0x00000000ec100000,0x00000000ec100000,0x00000000ed480000)
 ParOldGen       total 124416K, used 47859K [0x0000000080000000, 0x0000000087980000, 0x00000000d5580000)
  object space 124416K, 38% used [0x0000000080000000,0x0000000082ebcd50,0x0000000087980000)
 Metaspace       used 72615K, capacity 76184K, committed 76336K, reserved 1116160K
  class space    used 9713K, capacity 10544K, committed 10544K, reserved 1048576K
Event: 913.525 GC heap after
Heap after GC invocations=18 (full 3):
 PSYoungGen      total 392192K, used 16541K [0x00000000d5580000, 0x00000000f2280000, 0x0000000100000000)
  eden space 372224K, 0% used [0x00000000d5580000,0x00000000d5580000,0x00000000ec100000)
  from space 19968K, 82% used [0x00000000ec100000,0x00000000ed127558,0x00000000ed480000)
  to   space 21504K, 0% used [0x00000000f0d80000,0x00000000f0d80000,0x00000000f2280000)
 ParOldGen       total 124416K, used 56354K [0x0000000080000000, 0x0000000087980000, 0x00000000d5580000)
  object space 124416K, 45% used [0x0000000080000000,0x0000000083708b18,0x0000000087980000)
 Metaspace       used 72615K, capacity 76184K, committed 76336K, reserved 1116160K
  class space    used 9713K, capacity 10544K, committed 10544K, reserved 1048576K
}
Event: 1213.809 GC heap before
{Heap before GC invocations=19 (full 3):
 PSYoungGen      total 392192K, used 388765K [0x00000000d5580000, 0x00000000f2280000, 0x0000000100000000)
  eden space 372224K, 100% used [0x00000000d5580000,0x00000000ec100000,0x00000000ec100000)
  from space 19968K, 82% used [0x00000000ec100000,0x00000000ed127558,0x00000000ed480000)
  to   space 21504K, 0% used [0x00000000f0d80000,0x00000000f0d80000,0x00000000f2280000)
 ParOldGen       total 124416K, used 56354K [0x0000000080000000, 0x0000000087980000, 0x00000000d5580000)
  object space 124416K, 45% used [0x0000000080000000,0x0000000083708b18,0x0000000087980000)
 Metaspace       used 78988K, capacity 83126K, committed 83376K, reserved 1122304K
  class space    used 10455K, capacity 11361K, committed 11440K, reserved 1048576K
Event: 1213.846 GC heap after
Heap after GC invocations=19 (full 3):
 PSYoungGen      total 437760K, used 21487K [0x00000000d5580000, 0x00000000f5b80000, 0x0000000100000000)
  eden space 416256K, 0% used [0x00000000d5580000,0x00000000d5580000,0x00000000eec00000)
  from space 21504K, 99% used [0x00000000f0d80000,0x00000000f227bf18,0x00000000f2280000)
  to   space 34304K, 0% used [0x00000000eec00000,0x00000000eec00000,0x00000000f0d80000)
 ParOldGen       total 124416K, used 82069K [0x0000000080000000, 0x0000000087980000, 0x00000000d5580000)
  object space 124416K, 65% used [0x0000000080000000,0x00000000850257b8,0x0000000087980000)
 Metaspace       used 78988K, capacity 83126K, committed 83376K, reserved 1122304K
  class space    used 10455K, capacity 11361K, committed 11440K, reserved 1048576K
}
Event: 1811.991 GC heap before
{Heap before GC invocations=20 (full 3):
 PSYoungGen      total 437760K, used 437743K [0x00000000d5580000, 0x00000000f5b80000, 0x0000000100000000)
  eden space 416256K, 100% used [0x00000000d5580000,0x00000000eec00000,0x00000000eec00000)
  from space 21504K, 99% used [0x00000000f0d80000,0x00000000f227bf18,0x00000000f2280000)
  to   space 34304K, 0% used [0x00000000eec00000,0x00000000eec00000,0x00000000f0d80000)
 ParOldGen       total 124416K, used 82069K [0x0000000080000000, 0x0000000087980000, 0x00000000d5580000)
  object space 124416K, 65% used [0x0000000080000000,0x00000000850257b8,0x0000000087980000)
 Metaspace       used 80570K, capacity 85132K, committed 85424K, reserved 1122304K
  class space    used 10576K, capacity 11584K, committed 11696K, reserved 1048576K
Event: 1812.018 GC heap after
Heap after GC invocations=20 (full 3):
 PSYoungGen      total 450560K, used 13105K [0x00000000d5580000, 0x00000000f6180000, 0x0000000100000000)
  eden space 416256K, 0% used [0x00000000d5580000,0x00000000d5580000,0x00000000eec00000)
  from space 34304K, 38% used [0x00000000eec00000,0x00000000ef8cc4a0,0x00000000f0d80000)
  to   space 32256K, 0% used [0x00000000f4200000,0x00000000f4200000,0x00000000f6180000)
 ParOldGen       total 124416K, used 97966K [0x0000000080000000, 0x0000000087980000, 0x00000000d5580000)
  object space 124416K, 78% used [0x0000000080000000,0x0000000085fabb70,0x0000000087980000)
 Metaspace       used 80570K, capacity 85132K, committed 85424K, reserved 1122304K
  class space    used 10576K, capacity 11584K, committed 11696K, reserved 1048576K
}

